<?xml version="1.0" encoding="UTF-8"?>
<!-- Generated by org.testng.reporters.JUnitReportReporter -->
<testsuite hostname="Thimmu" failures="0" tests="1" name="driverFactory.AppTest" time="67.198" errors="0" timestamp="2024-05-31T12:14:51 IST" skipped="0">
  <testcase classname="driverFactory.AppTest" name="kickStart" time="67.198">
    <system-out>
      <![CDATA[Stock-000001669    Stock-000001669
Supplier-00000003508    Supplier-00000003508
Customer-00000006549    Customer-00000006549]]>
    </system-out>
  </testcase> <!-- kickStart -->
  <system-out>
    <![CDATA[Stock-000001669    Stock-000001669
Supplier-00000003508    Supplier-00000003508
Customer-00000006549    Customer-00000006549]]>
  </system-out>
</testsuite> <!-- driverFactory.AppTest -->
